<?xml version='1.1' encoding='UTF-8'?>
<result plugin="junit@1.27">
  <suites>
    <suite>
      <file>/var/lib/jenkins/workspace/anttesting/test/results/TEST-hellotest.xml</file>
      <name>hellotest</name>
      <stdout></stdout>
      <stderr></stderr>
      <duration>0.164</duration>
      <timestamp>2019-02-25T07:41:29</timestamp>
      <time>0.164</time>
      <enclosingBlocks/>
      <enclosingBlockNames/>
      <cases>
        <case>
          <duration>0.012</duration>
          <className>hellotest</className>
          <testName>testWillAlwaysFail</testName>
          <skipped>false</skipped>
          <errorStackTrace>junit.framework.AssertionFailedError: An error message
	at hellotest.testWillAlwaysFail(Unknown Source)
</errorStackTrace>
          <errorDetails>An error message</errorDetails>
          <failedSince>0</failedSince>
        </case>
        <case>
          <duration>0.0</duration>
          <className>hellotest</className>
          <testName>testNothing</testName>
          <skipped>false</skipped>
          <failedSince>0</failedSince>
        </case>
      </cases>
    </suite>
  </suites>
  <duration>0.164</duration>
  <keepLongStdio>false</keepLongStdio>
</result>